<?xml version='1.0' encoding='UTF-8'?>
<testsuite hostname="MacBookPro-Alex.local" name="loaders.image.specific.JpgPngImageLoaderTests" tests="0" errors="0" failures="0" skipped="0" time="0.0" timestamp="2023-12-17T00:10:00">
          <properties>
      <property name="java.specification.version" value="19"/><property name="sun.jnu.encoding" value="UTF-8"/><property name="sun.arch.data.model" value="64"/><property name="sbt.supershell" value="false"/><property name="java.vendor.url" value="https://java.oracle.com/"/><property name="sun.boot.library.path" value="/Users/aleksejgrachev/Library/Java/JavaVirtualMachines/openjdk-19.0.1/Contents/Home/lib"/><property name="sun.java.command" value="/Users/aleksejgrachev/Library/Application Support/JetBrains/IntelliJIdea2022.3/plugins/Scala/launcher/sbt-launch.jar early(addPluginSbtFile=&quot;&quot;&quot;/private/var/folders/ly/17xt7zpn3t1_m4gzhby70kqm0000gn/T/idea2.sbt&quot;&quot;&quot;) ; set ideaPort in Global := 52705 ; idea-shell"/><property name="jdk.debug" value="release"/><property name="sun.stderr.encoding" value="UTF-8"/><property name="java.specification.vendor" value="Oracle Corporation"/><property name="java.version.date" value="2022-10-18"/><property name="java.home" value="/Users/aleksejgrachev/Library/Java/JavaVirtualMachines/openjdk-19.0.1/Contents/Home"/><property name="file.separator" value="/"/><property name="java.vm.compressedOopsMode" value="Zero based"/><property name="sun.stdout.encoding" value="UTF-8"/><property name="line.separator" value="
"/><property name="java.vm.specification.vendor" value="Oracle Corporation"/><property name="java.specification.name" value="Java Platform API Specification"/><property name="idea.installation.dir" value="/Applications/IntelliJ IDEA.app/Contents"/><property name="sun.management.compiler" value="HotSpot 64-Bit Tiered Compilers"/><property name="java.runtime.version" value="19.0.1+10-21"/><property name="user.name" value="aleksejgracev"/><property name="log4j.ignoreTCL" value="true"/><property name="file.encoding" value="UTF-8"/><property name="jnidispatch.path" value="/Users/aleksejgrachev/Library/Caches/JNA/temp/jna4210295793150094507.tmp"/><property name="jna.loaded" value="true"/><property name="java.io.tmpdir" value="/var/folders/ly/17xt7zpn3t1_m4gzhby70kqm0000gn/T/"/><property name="java.version" value="19.0.1"/><property name="java.vm.specification.name" value="Java Virtual Machine Specification"/><property name="native.encoding" value="UTF-8"/><property name="java.library.path" value="/Users/aleksejgrachev/Library/Java/Extensions:/Library/Java/Extensions:/Network/Library/Java/Extensions:/System/Library/Java/Extensions:/usr/lib/java:."/><property name="stderr.encoding" value="UTF-8"/><property name="java.vendor" value="Oracle Corporation"/><property name="sun.io.unicode.encoding" value="UnicodeBig"/><property name="socksNonProxyHosts" value="local|*.local|169.254/16|*.169.254/16"/><property name="java.class.path" value="/Users/aleksejgrachev/Library/Application Support/JetBrains/IntelliJIdea2022.3/plugins/Scala/launcher/sbt-launch.jar"/><property name="java.vm.vendor" value="Oracle Corporation"/><property name="jline.shutdownhook" value="false"/><property name="user.timezone" value="Europe/Prague"/><property name="java.vm.specification.version" value="19"/><property name="os.name" value="Mac OS X"/><property name="sun.java.launcher" value="SUN_STANDARD"/><property name="user.country" value="GB"/><property name="http.nonProxyHosts" value="local|*.local|169.254/16|*.169.254/16"/><property name="sun.cpu.endian" value="little"/><property name="user.home" value="/Users/aleksejgrachev"/><property name="user.language" value="en"/><property name="sbt.ipcsocket.tmpdir" value="/var/folders/ly/17xt7zpn3t1_m4gzhby70kqm0000gn/T/.sbt229497ee/ipcsocket"/><property name="swoval.tmpdir" value="/var/folders/ly/17xt7zpn3t1_m4gzhby70kqm0000gn/T/.sbt229497ee/swoval"/><property name="apple.awt.application.name" value="Boot"/><property name="jline.esc.timeout" value="0"/><property name="ftp.nonProxyHosts" value="local|*.local|169.254/16|*.169.254/16"/><property name="stdout.encoding" value="UTF-8"/><property name="path.separator" value=":"/><property name="os.version" value="13.6.1"/><property name="jna.nosys" value="true"/><property name="java.runtime.name" value="OpenJDK Runtime Environment"/><property name="java.vm.name" value="OpenJDK 64-Bit Server VM"/><property name="jna.platform.library.path" value="/usr/lib:/usr/lib"/><property name="java.vendor.url.bug" value="https://bugreport.java.com/bugreport/"/><property name="user.dir" value="/Users/aleksejgrachev/Desktop/Study/5th Semester/OOP/semestral/asciiart"/><property name="os.arch" value="x86_64"/><property name="idea.managed" value="true"/><property name="java.vm.info" value="mixed mode, sharing"/><property name="java.vm.version" value="19.0.1+10-21"/><property name="java.class.version" value="63.0"/>
    </properties>
          
          <system-out><![CDATA[]]></system-out>
          <system-err><![CDATA[]]></system-err>
        </testsuite>