<?xml version='1.0' encoding='UTF-8'?>
<testsuite hostname="MacBookPro-Alex.local" name="transforms.specific.NonLinearTransformationTableTests" tests="6" errors="0" failures="0" skipped="0" time="0.017" timestamp="2023-12-17T17:25:21">
          <properties>
      <property name="java.specification.version" value="21"/><property name="sun.jnu.encoding" value="UTF-8"/><property name="sun.arch.data.model" value="64"/><property name="java.vendor.url" value="https://github.com/Homebrew/homebrew-core/issues"/><property name="sun.boot.library.path" value="/usr/local/Cellar/openjdk/21.0.1/libexec/openjdk.jdk/Contents/Home/lib"/><property name="sun.java.command" value="/usr/local/Cellar/sbt/1.9.7/libexec/bin/sbt-launch.jar"/><property name="jdk.debug" value="release"/><property name="java.specification.vendor" value="Oracle Corporation"/><property name="java.version.date" value="2023-10-17"/><property name="java.home" value="/usr/local/Cellar/openjdk/21.0.1/libexec/openjdk.jdk/Contents/Home"/><property name="file.separator" value="/"/><property name="java.vm.compressedOopsMode" value="Zero based"/><property name="line.separator" value="
"/><property name="java.vm.specification.vendor" value="Oracle Corporation"/><property name="java.specification.name" value="Java Platform API Specification"/><property name="sun.management.compiler" value="HotSpot 64-Bit Tiered Compilers"/><property name="java.runtime.version" value="21.0.1"/><property name="user.name" value="aleksejgracev"/><property name="log4j.ignoreTCL" value="true"/><property name="file.encoding" value="UTF-8"/><property name="jnidispatch.path" value="/Users/aleksejgrachev/Library/Caches/JNA/temp/jna5295201511450945168.tmp"/><property name="java.vendor.version" value="Homebrew"/><property name="jna.loaded" value="true"/><property name="java.io.tmpdir" value="/var/folders/ly/17xt7zpn3t1_m4gzhby70kqm0000gn/T/"/><property name="java.version" value="21.0.1"/><property name="java.vm.specification.name" value="Java Virtual Machine Specification"/><property name="native.encoding" value="UTF-8"/><property name="java.library.path" value="/Users/aleksejgrachev/Library/Java/Extensions:/Library/Java/Extensions:/Network/Library/Java/Extensions:/System/Library/Java/Extensions:/usr/lib/java:."/><property name="stderr.encoding" value="UTF-8"/><property name="java.vendor" value="Homebrew"/><property name="scala.ext.dirs" value="/Users/aleksejgrachev/.sbt/1.0/java9-rt-ext-homebrew_21_0_1"/><property name="sun.io.unicode.encoding" value="UnicodeBig"/><property name="socksNonProxyHosts" value="local|*.local|169.254/16|*.169.254/16"/><property name="java.class.path" value="/usr/local/Cellar/sbt/1.9.7/libexec/bin/sbt-launch.jar"/><property name="java.vm.vendor" value="Homebrew"/><property name="jline.shutdownhook" value="false"/><property name="user.timezone" value="Europe/Prague"/><property name="java.vm.specification.version" value="21"/><property name="os.name" value="Mac OS X"/><property name="sun.java.launcher" value="SUN_STANDARD"/><property name="user.country" value="GB"/><property name="http.nonProxyHosts" value="local|*.local|169.254/16|*.169.254/16"/><property name="sun.cpu.endian" value="little"/><property name="user.home" value="/Users/aleksejgrachev"/><property name="user.language" value="en"/><property name="sbt.script" value="/usr/local/Cellar/sbt/1.9.7/libexec/bin/sbt"/><property name="sbt.ipcsocket.tmpdir" value="/var/folders/ly/17xt7zpn3t1_m4gzhby70kqm0000gn/T/.sbt229497ee/ipcsocket"/><property name="swoval.tmpdir" value="/var/folders/ly/17xt7zpn3t1_m4gzhby70kqm0000gn/T/.sbt229497ee/swoval"/><property name="apple.awt.application.name" value="Boot"/><property name="jline.esc.timeout" value="0"/><property name="ftp.nonProxyHosts" value="local|*.local|169.254/16|*.169.254/16"/><property name="stdout.encoding" value="UTF-8"/><property name="path.separator" value=":"/><property name="os.version" value="13.6.1"/><property name="jna.nosys" value="true"/><property name="java.runtime.name" value="OpenJDK Runtime Environment"/><property name="java.vm.name" value="OpenJDK 64-Bit Server VM"/><property name="jna.platform.library.path" value="/usr/lib:/usr/lib"/><property name="java.vendor.url.bug" value="https://github.com/Homebrew/homebrew-core/issues"/><property name="user.dir" value="/Users/aleksejgrachev/Desktop/Study/5th Semester/OOP/semestral/asciiart"/><property name="os.arch" value="x86_64"/><property name="java.vm.info" value="mixed mode, sharing"/><property name="java.vm.version" value="21.0.1"/><property name="java.class.version" value="65.0"/>
    </properties>
          <testcase classname="transforms.specific.NonLinearTransformationTableTests" name="Lower bound" time="0.017">
                      
                    </testcase><testcase classname="transforms.specific.NonLinearTransformationTableTests" name="Mid-Lower bound" time="0.0">
                      
                    </testcase><testcase classname="transforms.specific.NonLinearTransformationTableTests" name="Mid-Upper bound" time="0.0">
                      
                    </testcase><testcase classname="transforms.specific.NonLinearTransformationTableTests" name="Upper bound" time="0.0">
                      
                    </testcase><testcase classname="transforms.specific.NonLinearTransformationTableTests" name="Out of range (below)" time="0.0">
                      
                    </testcase><testcase classname="transforms.specific.NonLinearTransformationTableTests" name="Out of range (above)" time="0.0">
                      
                    </testcase>
          <system-out><![CDATA[]]></system-out>
          <system-err><![CDATA[]]></system-err>
        </testsuite>